# JRE version: OpenJDK Runtime Environment (8.0_45-b14) (build 1.8.0_45-internal-b14)
# Java VM: OpenJDK 64-Bit Server VM (25.45-b02 mixed mode linux-amd64 compressed oops)
Heap:
 PSYoungGen      total 962048K, used 583589K [0x0000000715580000, 0x0000000763900000, 0x00000007c0000000)
  eden space 749568K, 70% used [0x0000000715580000,0x0000000735a22810,0x0000000743180000)
  from space 212480K, 25% used [0x0000000743180000,0x00000007466c6c58,0x0000000750100000)
  to   space 208384K, 0% used [0x0000000756d80000,0x0000000756d80000,0x0000000763900000)
 ParOldGen       total 1220096K, used 955139K [0x00000005c0000000, 0x000000060a780000, 0x0000000715580000)
  object space 1220096K, 78% used [0x00000005c0000000,0x00000005fa4c0cc0,0x000000060a780000)
 Metaspace       used 6968K, capacity 7634K, committed 7936K, reserved 1056768K
  class space    used 617K, capacity 650K, committed 768K, reserved 1048576K
GC Heap History (10 events):
Event: 80.848 GC heap before
{Heap before GC invocations=33 (full 7):
 PSYoungGen      total 856064K, used 69321K [0x0000000715580000, 0x0000000758800000, 0x00000007c0000000)
  eden space 633344K, 0% used [0x0000000715580000,0x0000000715580000,0x000000073c000000)
  from space 222720K, 31% used [0x000000074ae80000,0x000000074f2324d0,0x0000000758800000)
  to   space 233472K, 0% used [0x000000073c000000,0x000000073c000000,0x000000074a400000)
 ParOldGen       total 750080K, used 726416K [0x00000005c0000000, 0x00000005edc80000, 0x0000000715580000)
  object space 750080K, 96% used [0x00000005c0000000,0x00000005ec564120,0x00000005edc80000)
 Metaspace       used 6575K, capacity 7344K, committed 7552K, reserved 1056768K
  class space    used 598K, capacity 616K, committed 640K, reserved 1048576K
Event: 86.612 GC heap after
Heap after GC invocations=33 (full 7):
 PSYoungGen      total 856064K, used 41304K [0x0000000715580000, 0x0000000758800000, 0x00000007c0000000)
  eden space 633344K, 0% used [0x0000000715580000,0x0000000715580000,0x000000073c000000)
  from space 222720K, 18% used [0x000000074ae80000,0x000000074d6d6270,0x0000000758800000)
  to   space 233472K, 0% used [0x000000073c000000,0x000000073c000000,0x000000074a400000)
 ParOldGen       total 993792K, used 749763K [0x00000005c0000000, 0x00000005fca80000, 0x0000000715580000)
  object space 993792K, 75% used [0x00000005c0000000,0x00000005edc30e00,0x00000005fca80000)
 Metaspace       used 6575K, capacity 7344K, committed 7552K, reserved 1056768K
  class space    used 598K, capacity 616K, committed 640K, reserved 1048576K
}
Event: 89.234 GC heap before
{Heap before GC invocations=34 (full 7):
 PSYoungGen      total 856064K, used 674648K [0x0000000715580000, 0x0000000758800000, 0x00000007c0000000)
  eden space 633344K, 100% used [0x0000000715580000,0x000000073c000000,0x000000073c000000)
  from space 222720K, 18% used [0x000000074ae80000,0x000000074d6d6270,0x0000000758800000)
  to   space 233472K, 0% used [0x000000073c000000,0x000000073c000000,0x000000074a400000)
 ParOldGen       total 993792K, used 749763K [0x00000005c0000000, 0x00000005fca80000, 0x0000000715580000)
  object space 993792K, 75% used [0x00000005c0000000,0x00000005edc30e00,0x00000005fca80000)
 Metaspace       used 6580K, capacity 7344K, committed 7552K, reserved 1056768K
  class space    used 598K, capacity 616K, committed 640K, reserved 1048576K
Event: 89.719 GC heap after
Heap after GC invocations=34 (full 7):
 PSYoungGen      total 866816K, used 94719K [0x0000000715580000, 0x000000075d900000, 0x00000007c0000000)
  eden space 633344K, 0% used [0x0000000715580000,0x0000000715580000,0x000000073c000000)
  from space 233472K, 40% used [0x000000073c000000,0x0000000741c7ffa0,0x000000074a400000)
  to   space 221184K, 0% used [0x0000000750100000,0x0000000750100000,0x000000075d900000)
 ParOldGen       total 993792K, used 790279K [0x00000005c0000000, 0x00000005fca80000, 0x0000000715580000)
  object space 993792K, 79% used [0x00000005c0000000,0x00000005f03c1fe8,0x00000005fca80000)
 Metaspace       used 6580K, capacity 7344K, committed 7552K, reserved 1056768K
  class space    used 598K, capacity 616K, committed 640K, reserved 1048576K
}
Event: 93.569 GC heap before
{Heap before GC invocations=35 (full 7):
 PSYoungGen      total 866816K, used 728063K [0x0000000715580000, 0x000000075d900000, 0x00000007c0000000)
  eden space 633344K, 100% used [0x0000000715580000,0x000000073c000000,0x000000073c000000)
  from space 233472K, 40% used [0x000000073c000000,0x0000000741c7ffa0,0x000000074a400000)
  to   space 221184K, 0% used [0x0000000750100000,0x0000000750100000,0x000000075d900000)
 ParOldGen       total 993792K, used 790279K [0x00000005c0000000, 0x00000005fca80000, 0x0000000715580000)
  object space 993792K, 79% used [0x00000005c0000000,0x00000005f03c1fe8,0x00000005fca80000)
 Metaspace       used 6582K, capacity 7344K, committed 7552K, reserved 1056768K
  class space    used 598K, capacity 616K, committed 640K, reserved 1048576K
Event: 102.867 GC heap after
Heap after GC invocations=35 (full 7):
 PSYoungGen      total 965120K, used 81427K [0x0000000715580000, 0x000000075d380000, 0x00000007c0000000)
  eden space 749568K, 0% used [0x0000000715580000,0x0000000715580000,0x0000000743180000)
  from space 215552K, 37% used [0x0000000750100000,0x0000000755084e88,0x000000075d380000)
  to   space 212480K, 0% used [0x0000000743180000,0x0000000743180000,0x0000000750100000)
 ParOldGen       total 993792K, used 876918K [0x00000005c0000000, 0x00000005fca80000, 0x0000000715580000)
  object space 993792K, 88% used [0x00000005c0000000,0x00000005f585da20,0x00000005fca80000)
 Metaspace       used 6582K, capacity 7344K, committed 7552K, reserved 1056768K
  class space    used 598K, capacity 616K, committed 640K, reserved 1048576K
}
Event: 102.867 GC heap before
{Heap before GC invocations=36 (full 8):
 PSYoungGen      total 965120K, used 81427K [0x0000000715580000, 0x000000075d380000, 0x00000007c0000000)
  eden space 749568K, 0% used [0x0000000715580000,0x0000000715580000,0x0000000743180000)
  from space 215552K, 37% used [0x0000000750100000,0x0000000755084e88,0x000000075d380000)
  to   space 212480K, 0% used [0x0000000743180000,0x0000000743180000,0x0000000750100000)
 ParOldGen       total 993792K, used 876918K [0x00000005c0000000, 0x00000005fca80000, 0x0000000715580000)
  object space 993792K, 88% used [0x00000005c0000000,0x00000005f585da20,0x00000005fca80000)
 Metaspace       used 6582K, capacity 7344K, committed 7552K, reserved 1056768K
  class space    used 598K, capacity 616K, committed 640K, reserved 1048576K
Event: 114.737 GC heap after
Heap after GC invocations=36 (full 8):
 PSYoungGen      total 965120K, used 0K [0x0000000715580000, 0x000000075d380000, 0x00000007c0000000)
  eden space 749568K, 0% used [0x0000000715580000,0x0000000715580000,0x0000000743180000)
  from space 215552K, 0% used [0x0000000750100000,0x0000000750100000,0x000000075d380000)
  to   space 212480K, 0% used [0x0000000743180000,0x0000000743180000,0x0000000750100000)
 ParOldGen       total 1220096K, used 955139K [0x00000005c0000000, 0x000000060a780000, 0x0000000715580000)
  object space 1220096K, 78% used [0x00000005c0000000,0x00000005fa4c0cc0,0x000000060a780000)
 Metaspace       used 6582K, capacity 7344K, committed 7552K, reserved 1056768K
  class space    used 598K, capacity 616K, committed 640K, reserved 1048576K
}
Event: 124.327 GC heap before
{Heap before GC invocations=37 (full 8):
 PSYoungGen      total 965120K, used 749568K [0x0000000715580000, 0x000000075d380000, 0x00000007c0000000)
  eden space 749568K, 100% used [0x0000000715580000,0x0000000743180000,0x0000000743180000)
  from space 215552K, 0% used [0x0000000750100000,0x0000000750100000,0x000000075d380000)
  to   space 212480K, 0% used [0x0000000743180000,0x0000000743180000,0x0000000750100000)
 ParOldGen       total 1220096K, used 955139K [0x00000005c0000000, 0x000000060a780000, 0x0000000715580000)
  object space 1220096K, 78% used [0x00000005c0000000,0x00000005fa4c0cc0,0x000000060a780000)
 Metaspace       used 6592K, capacity 7344K, committed 7552K, reserved 1056768K
  class space    used 598K, capacity 616K, committed 640K, reserved 1048576K
Event: 124.405 GC heap after
Heap after GC invocations=37 (full 8):
 PSYoungGen      total 962048K, used 54555K [0x0000000715580000, 0x0000000763900000, 0x00000007c0000000)
  eden space 749568K, 0% used [0x0000000715580000,0x0000000715580000,0x0000000743180000)
  from space 212480K, 25% used [0x0000000743180000,0x00000007466c6c58,0x0000000750100000)
  to   space 208384K, 0% used [0x0000000756d80000,0x0000000756d80000,0x0000000763900000)
 ParOldGen       total 1220096K, used 955139K [0x00000005c0000000, 0x000000060a780000, 0x0000000715580000)
  object space 1220096K, 78% used [0x00000005c0000000,0x00000005fa4c0cc0,0x000000060a780000)
 Metaspace       used 6592K, capacity 7344K, committed 7552K, reserved 1056768K
  class space    used 598K, capacity 616K, committed 640K, reserved 1048576K
}

