# JRE version: OpenJDK Runtime Environment (8.0_45-b14) (build 1.8.0_45-internal-b14)
# Java VM: OpenJDK 64-Bit Server VM (25.45-b02 mixed mode linux-amd64 compressed oops)
Heap:
 PSYoungGen      total 232960K, used 64186K [0x00000000eab00000, 0x0000000100000000, 0x0000000100000000)
  eden space 116736K, 0% used [0x00000000eab00000,0x00000000eab00000,0x00000000f1d00000)
  from space 116224K, 55% used [0x00000000f1d00000,0x00000000f5baeaa0,0x00000000f8e80000)
  to   space 116224K, 0% used [0x00000000f8e80000,0x00000000f8e80000,0x0000000100000000)
 ParOldGen       total 389120K, used 345127K [0x00000000c0000000, 0x00000000d7c00000, 0x00000000eab00000)
  object space 389120K, 88% used [0x00000000c0000000,0x00000000d5109c48,0x00000000d7c00000)
 Metaspace       used 6533K, capacity 7280K, committed 7552K, reserved 1056768K
  class space    used 595K, capacity 616K, committed 640K, reserved 1048576K
GC Heap History (10 events):
Event: 21.682 GC heap after
Heap after GC invocations=26 (full 4):
 PSYoungGen      total 249856K, used 53856K [0x00000000eab00000, 0x0000000100000000, 0x0000000100000000)
  eden space 150528K, 0% used [0x00000000eab00000,0x00000000eab00000,0x00000000f3e00000)
  from space 99328K, 54% used [0x00000000f3e00000,0x00000000f72983f0,0x00000000f9f00000)
  to   space 99328K, 0% used [0x00000000f9f00000,0x00000000f9f00000,0x0000000100000000)
 ParOldGen       total 389120K, used 305655K [0x00000000c0000000, 0x00000000d7c00000, 0x00000000eab00000)
  object space 389120K, 78% used [0x00000000c0000000,0x00000000d2a7dd88,0x00000000d7c00000)
 Metaspace       used 6527K, capacity 7280K, committed 7552K, reserved 1056768K
  class space    used 595K, capacity 616K, committed 640K, reserved 1048576K
}
Event: 22.338 GC heap before
{Heap before GC invocations=27 (full 4):
 PSYoungGen      total 249856K, used 204384K [0x00000000eab00000, 0x0000000100000000, 0x0000000100000000)
  eden space 150528K, 100% used [0x00000000eab00000,0x00000000f3e00000,0x00000000f3e00000)
  from space 99328K, 54% used [0x00000000f3e00000,0x00000000f72983f0,0x00000000f9f00000)
  to   space 99328K, 0% used [0x00000000f9f00000,0x00000000f9f00000,0x0000000100000000)
 ParOldGen       total 389120K, used 305655K [0x00000000c0000000, 0x00000000d7c00000, 0x00000000eab00000)
  object space 389120K, 78% used [0x00000000c0000000,0x00000000d2a7dd88,0x00000000d7c00000)
 Metaspace       used 6527K, capacity 7280K, committed 7552K, reserved 1056768K
  class space    used 595K, capacity 616K, committed 640K, reserved 1048576K
Event: 22.444 GC heap after
Heap after GC invocations=27 (full 4):
 PSYoungGen      total 240640K, used 69555K [0x00000000eab00000, 0x0000000100000000, 0x0000000100000000)
  eden space 141312K, 0% used [0x00000000eab00000,0x00000000eab00000,0x00000000f3500000)
  from space 99328K, 70% used [0x00000000f9f00000,0x00000000fe2ecc98,0x0000000100000000)
  to   space 103936K, 0% used [0x00000000f3500000,0x00000000f3500000,0x00000000f9a80000)
 ParOldGen       total 389120K, used 305655K [0x00000000c0000000, 0x00000000d7c00000, 0x00000000eab00000)
  object space 389120K, 78% used [0x00000000c0000000,0x00000000d2a7dd88,0x00000000d7c00000)
 Metaspace       used 6527K, capacity 7280K, committed 7552K, reserved 1056768K
  class space    used 595K, capacity 616K, committed 640K, reserved 1048576K
}
Event: 22.993 GC heap before
{Heap before GC invocations=28 (full 4):
 PSYoungGen      total 240640K, used 210867K [0x00000000eab00000, 0x0000000100000000, 0x0000000100000000)
  eden space 141312K, 100% used [0x00000000eab00000,0x00000000f3500000,0x00000000f3500000)
  from space 99328K, 70% used [0x00000000f9f00000,0x00000000fe2ecc98,0x0000000100000000)
  to   space 103936K, 0% used [0x00000000f3500000,0x00000000f3500000,0x00000000f9a80000)
 ParOldGen       total 389120K, used 305655K [0x00000000c0000000, 0x00000000d7c00000, 0x00000000eab00000)
  object space 389120K, 78% used [0x00000000c0000000,0x00000000d2a7dd88,0x00000000d7c00000)
 Metaspace       used 6533K, capacity 7280K, committed 7552K, reserved 1056768K
  class space    used 595K, capacity 616K, committed 640K, reserved 1048576K
Event: 23.161 GC heap after
Heap after GC invocations=28 (full 4):
 PSYoungGen      total 224768K, used 83033K [0x00000000eab00000, 0x0000000100000000, 0x0000000100000000)
  eden space 141312K, 0% used [0x00000000eab00000,0x00000000eab00000,0x00000000f3500000)
  from space 83456K, 99% used [0x00000000f3500000,0x00000000f86164b8,0x00000000f8680000)
  to   space 112640K, 0% used [0x00000000f9200000,0x00000000f9200000,0x0000000100000000)
 ParOldGen       total 389120K, used 305663K [0x00000000c0000000, 0x00000000d7c00000, 0x00000000eab00000)
  object space 389120K, 78% used [0x00000000c0000000,0x00000000d2a7fd88,0x00000000d7c00000)
 Metaspace       used 6533K, capacity 7280K, committed 7552K, reserved 1056768K
  class space    used 595K, capacity 616K, committed 640K, reserved 1048576K
}
Event: 23.759 GC heap before
{Heap before GC invocations=29 (full 4):
 PSYoungGen      total 224768K, used 224345K [0x00000000eab00000, 0x0000000100000000, 0x0000000100000000)
  eden space 141312K, 100% used [0x00000000eab00000,0x00000000f3500000,0x00000000f3500000)
  from space 83456K, 99% used [0x00000000f3500000,0x00000000f86164b8,0x00000000f8680000)
  to   space 112640K, 0% used [0x00000000f9200000,0x00000000f9200000,0x0000000100000000)
 ParOldGen       total 389120K, used 305663K [0x00000000c0000000, 0x00000000d7c00000, 0x00000000eab00000)
  object space 389120K, 78% used [0x00000000c0000000,0x00000000d2a7fd88,0x00000000d7c00000)
 Metaspace       used 6533K, capacity 7280K, committed 7552K, reserved 1056768K
  class space    used 595K, capacity 616K, committed 640K, reserved 1048576K
Event: 23.909 GC heap after
Heap after GC invocations=29 (full 4):
 PSYoungGen      total 229376K, used 94944K [0x00000000eab00000, 0x0000000100000000, 0x0000000100000000)
  eden space 116736K, 0% used [0x00000000eab00000,0x00000000eab00000,0x00000000f1d00000)
  from space 112640K, 84% used [0x00000000f9200000,0x00000000feeb81d0,0x0000000100000000)
  to   space 116224K, 0% used [0x00000000f1d00000,0x00000000f1d00000,0x00000000f8e80000)
 ParOldGen       total 389120K, used 305663K [0x00000000c0000000, 0x00000000d7c00000, 0x00000000eab00000)
  object space 389120K, 78% used [0x00000000c0000000,0x00000000d2a7fd88,0x00000000d7c00000)
 Metaspace       used 6533K, capacity 7280K, committed 7552K, reserved 1056768K
  class space    used 595K, capacity 616K, committed 640K, reserved 1048576K
}
Event: 24.558 GC heap before
{Heap before GC invocations=30 (full 4):
 PSYoungGen      total 229376K, used 211680K [0x00000000eab00000, 0x0000000100000000, 0x0000000100000000)
  eden space 116736K, 100% used [0x00000000eab00000,0x00000000f1d00000,0x00000000f1d00000)
  from space 112640K, 84% used [0x00000000f9200000,0x00000000feeb81d0,0x0000000100000000)
  to   space 116224K, 0% used [0x00000000f1d00000,0x00000000f1d00000,0x00000000f8e80000)
 ParOldGen       total 389120K, used 305663K [0x00000000c0000000, 0x00000000d7c00000, 0x00000000eab00000)
  object space 389120K, 78% used [0x00000000c0000000,0x00000000d2a7fd88,0x00000000d7c00000)
 Metaspace       used 6533K, capacity 7280K, committed 7552K, reserved 1056768K
  class space    used 595K, capacity 616K, committed 640K, reserved 1048576K
Event: 24.866 GC heap after
Heap after GC invocations=30 (full 4):
 PSYoungGen      total 232960K, used 64186K [0x00000000eab00000, 0x0000000100000000, 0x0000000100000000)
  eden space 116736K, 0% used [0x00000000eab00000,0x00000000eab00000,0x00000000f1d00000)
  from space 116224K, 55% used [0x00000000f1d00000,0x00000000f5baeaa0,0x00000000f8e80000)
  to   space 116224K, 0% used [0x00000000f8e80000,0x00000000f8e80000,0x0000000100000000)
 ParOldGen       total 389120K, used 345127K [0x00000000c0000000, 0x00000000d7c00000, 0x00000000eab00000)
  object space 389120K, 88% used [0x00000000c0000000,0x00000000d5109c48,0x00000000d7c00000)
 Metaspace       used 6533K, capacity 7280K, committed 7552K, reserved 1056768K
  class space    used 595K, capacity 616K, committed 640K, reserved 1048576K
}
Event: 24.866 GC heap before
{Heap before GC invocations=31 (full 5):
 PSYoungGen      total 232960K, used 64186K [0x00000000eab00000, 0x0000000100000000, 0x0000000100000000)
  eden space 116736K, 0% used [0x00000000eab00000,0x00000000eab00000,0x00000000f1d00000)
  from space 116224K, 55% used [0x00000000f1d00000,0x00000000f5baeaa0,0x00000000f8e80000)
  to   space 116224K, 0% used [0x00000000f8e80000,0x00000000f8e80000,0x0000000100000000)
 ParOldGen       total 389120K, used 345127K [0x00000000c0000000, 0x00000000d7c00000, 0x00000000eab00000)
  object space 389120K, 88% used [0x00000000c0000000,0x00000000d5109c48,0x00000000d7c00000)
 Metaspace       used 6533K, capacity 7280K, committed 7552K, reserved 1056768K
  class space    used 595K, capacity 616K, committed 640K, reserved 1048576K

