# JRE version: OpenJDK Runtime Environment (8.0_45-b14) (build 1.8.0_45-internal-b14)
# Java VM: OpenJDK 64-Bit Server VM (25.45-b02 mixed mode linux-amd64 compressed oops)
Heap:
 PSYoungGen      total 1017344K, used 589949K [0x0000000715580000, 0x000000076fb80000, 0x00000007c0000000)
  eden space 599040K, 59% used [0x0000000715580000,0x000000072b0ddd70,0x0000000739e80000)
  from space 418304K, 55% used [0x0000000756300000,0x00000007647c19e8,0x000000076fb80000)
  to   space 440832K, 0% used [0x0000000739e80000,0x0000000739e80000,0x0000000754d00000)
 ParOldGen       total 1048064K, used 855251K [0x00000005c0000000, 0x00000005fff80000, 0x0000000715580000)
  object space 1048064K, 81% used [0x00000005c0000000,0x00000005f4334ff8,0x00000005fff80000)
 Metaspace       used 7143K, capacity 7826K, committed 8192K, reserved 1056768K
  class space    used 620K, capacity 650K, committed 768K, reserved 1048576K
GC Heap History (10 events):
Event: 65.690 GC heap before
{Heap before GC invocations=35 (full 6):
 PSYoungGen      total 939008K, used 763104K [0x0000000715580000, 0x0000000770180000, 0x00000007c0000000)
  eden space 464384K, 100% used [0x0000000715580000,0x0000000731b00000,0x0000000731b00000)
  from space 474624K, 62% used [0x0000000750180000,0x00000007625383a0,0x000000076d100000)
  to   space 498176K, 0% used [0x0000000731b00000,0x0000000731b00000,0x0000000750180000)
 ParOldGen       total 767488K, used 544946K [0x00000005c0000000, 0x00000005eed80000, 0x0000000715580000)
  object space 767488K, 71% used [0x00000005c0000000,0x00000005e142c9e8,0x00000005eed80000)
 Metaspace       used 6579K, capacity 7344K, committed 7552K, reserved 1056768K
  class space    used 598K, capacity 616K, committed 640K, reserved 1048576K
Event: 70.716 GC heap after
Heap after GC invocations=35 (full 6):
 PSYoungGen      total 962560K, used 264866K [0x0000000715580000, 0x0000000772880000, 0x00000007c0000000)
  eden space 464384K, 0% used [0x0000000715580000,0x0000000715580000,0x0000000731b00000)
  from space 498176K, 53% used [0x0000000731b00000,0x0000000741da89a0,0x0000000750180000)
  to   space 492544K, 0% used [0x0000000754780000,0x0000000754780000,0x0000000772880000)
 ParOldGen       total 767488K, used 642879K [0x00000005c0000000, 0x00000005eed80000, 0x0000000715580000)
  object space 767488K, 83% used [0x00000005c0000000,0x00000005e73cfe80,0x00000005eed80000)
 Metaspace       used 6579K, capacity 7344K, committed 7552K, reserved 1056768K
  class space    used 598K, capacity 616K, committed 640K, reserved 1048576K
}
Event: 72.486 GC heap before
{Heap before GC invocations=36 (full 6):
 PSYoungGen      total 962560K, used 729250K [0x0000000715580000, 0x0000000772880000, 0x00000007c0000000)
  eden space 464384K, 100% used [0x0000000715580000,0x0000000731b00000,0x0000000731b00000)
  from space 498176K, 53% used [0x0000000731b00000,0x0000000741da89a0,0x0000000750180000)
  to   space 492544K, 0% used [0x0000000754780000,0x0000000754780000,0x0000000772880000)
 ParOldGen       total 767488K, used 642879K [0x00000005c0000000, 0x00000005eed80000, 0x0000000715580000)
  object space 767488K, 83% used [0x00000005c0000000,0x00000005e73cfe80,0x00000005eed80000)
 Metaspace       used 6581K, capacity 7344K, committed 7552K, reserved 1056768K
  class space    used 598K, capacity 616K, committed 640K, reserved 1048576K
Event: 75.376 GC heap after
Heap after GC invocations=36 (full 6):
 PSYoungGen      total 979968K, used 215809K [0x0000000715580000, 0x000000076f580000, 0x00000007c0000000)
  eden space 539648K, 0% used [0x0000000715580000,0x0000000715580000,0x0000000736480000)
  from space 440320K, 49% used [0x0000000754780000,0x0000000761a405a8,0x000000076f580000)
  to   space 467456K, 0% used [0x0000000736480000,0x0000000736480000,0x0000000752d00000)
 ParOldGen       total 767488K, used 747156K [0x00000005c0000000, 0x00000005eed80000, 0x0000000715580000)
  object space 767488K, 97% used [0x00000005c0000000,0x00000005ed9a5278,0x00000005eed80000)
 Metaspace       used 6581K, capacity 7344K, committed 7552K, reserved 1056768K
  class space    used 598K, capacity 616K, committed 640K, reserved 1048576K
}
Event: 75.376 GC heap before
{Heap before GC invocations=37 (full 7):
 PSYoungGen      total 979968K, used 215809K [0x0000000715580000, 0x000000076f580000, 0x00000007c0000000)
  eden space 539648K, 0% used [0x0000000715580000,0x0000000715580000,0x0000000736480000)
  from space 440320K, 49% used [0x0000000754780000,0x0000000761a405a8,0x000000076f580000)
  to   space 467456K, 0% used [0x0000000736480000,0x0000000736480000,0x0000000752d00000)
 ParOldGen       total 767488K, used 747156K [0x00000005c0000000, 0x00000005eed80000, 0x0000000715580000)
  object space 767488K, 97% used [0x00000005c0000000,0x00000005ed9a5278,0x00000005eed80000)
 Metaspace       used 6581K, capacity 7344K, committed 7552K, reserved 1056768K
  class space    used 598K, capacity 616K, committed 640K, reserved 1048576K
Event: 87.852 GC heap after
Heap after GC invocations=37 (full 7):
 PSYoungGen      total 979968K, used 191155K [0x0000000715580000, 0x000000076f580000, 0x00000007c0000000)
  eden space 539648K, 0% used [0x0000000715580000,0x0000000715580000,0x0000000736480000)
  from space 440320K, 43% used [0x0000000754780000,0x000000076022cd58,0x000000076f580000)
  to   space 467456K, 0% used [0x0000000736480000,0x0000000736480000,0x0000000752d00000)
 ParOldGen       total 1048064K, used 767022K [0x00000005c0000000, 0x00000005fff80000, 0x0000000715580000)
  object space 1048064K, 73% used [0x00000005c0000000,0x00000005eed0bbe8,0x00000005fff80000)
 Metaspace       used 6581K, capacity 7344K, committed 7552K, reserved 1056768K
  class space    used 598K, capacity 616K, committed 640K, reserved 1048576K
}
Event: 92.209 GC heap before
{Heap before GC invocations=38 (full 7):
 PSYoungGen      total 979968K, used 730803K [0x0000000715580000, 0x000000076f580000, 0x00000007c0000000)
  eden space 539648K, 100% used [0x0000000715580000,0x0000000736480000,0x0000000736480000)
  from space 440320K, 43% used [0x0000000754780000,0x000000076022cd58,0x000000076f580000)
  to   space 467456K, 0% used [0x0000000736480000,0x0000000736480000,0x0000000752d00000)
 ParOldGen       total 1048064K, used 767022K [0x00000005c0000000, 0x00000005fff80000, 0x0000000715580000)
  object space 1048064K, 73% used [0x00000005c0000000,0x00000005eed0bbe8,0x00000005fff80000)
 Metaspace       used 6591K, capacity 7344K, committed 7552K, reserved 1056768K
  class space    used 598K, capacity 616K, committed 640K, reserved 1048576K
Event: 92.759 GC heap after
Heap after GC invocations=38 (full 7):
 PSYoungGen      total 1007104K, used 137775K [0x0000000715580000, 0x0000000771d80000, 0x00000007c0000000)
  eden space 539648K, 0% used [0x0000000715580000,0x0000000715580000,0x0000000736480000)
  from space 467456K, 29% used [0x0000000736480000,0x000000073eb0bc68,0x0000000752d00000)
  to   space 453120K, 0% used [0x0000000756300000,0x0000000756300000,0x0000000771d80000)
 ParOldGen       total 1048064K, used 855251K [0x00000005c0000000, 0x00000005fff80000, 0x0000000715580000)
  object space 1048064K, 81% used [0x00000005c0000000,0x00000005f4334ff8,0x00000005fff80000)
 Metaspace       used 6591K, capacity 7344K, committed 7552K, reserved 1056768K
  class space    used 598K, capacity 616K, committed 640K, reserved 1048576K
}
Event: 136.355 GC heap before
{Heap before GC invocations=39 (full 7):
 PSYoungGen      total 1007104K, used 677423K [0x0000000715580000, 0x0000000771d80000, 0x00000007c0000000)
  eden space 539648K, 100% used [0x0000000715580000,0x0000000736480000,0x0000000736480000)
  from space 467456K, 29% used [0x0000000736480000,0x000000073eb0bc68,0x0000000752d00000)
  to   space 453120K, 0% used [0x0000000756300000,0x0000000756300000,0x0000000771d80000)
 ParOldGen       total 1048064K, used 855251K [0x00000005c0000000, 0x00000005fff80000, 0x0000000715580000)
  object space 1048064K, 81% used [0x00000005c0000000,0x00000005f4334ff8,0x00000005fff80000)
 Metaspace       used 6969K, capacity 7634K, committed 7936K, reserved 1056768K
  class space    used 617K, capacity 650K, committed 768K, reserved 1048576K
Event: 138.613 GC heap after
Heap after GC invocations=39 (full 7):
 PSYoungGen      total 1017344K, used 234246K [0x0000000715580000, 0x000000076fb80000, 0x00000007c0000000)
  eden space 599040K, 0% used [0x0000000715580000,0x0000000715580000,0x0000000739e80000)
  from space 418304K, 55% used [0x0000000756300000,0x00000007647c19e8,0x000000076fb80000)
  to   space 440832K, 0% used [0x0000000739e80000,0x0000000739e80000,0x0000000754d00000)
 ParOldGen       total 1048064K, used 855251K [0x00000005c0000000, 0x00000005fff80000, 0x0000000715580000)
  object space 1048064K, 81% used [0x00000005c0000000,0x00000005f4334ff8,0x00000005fff80000)
 Metaspace       used 6969K, capacity 7634K, committed 7936K, reserved 1056768K
  class space    used 617K, capacity 650K, committed 768K, reserved 1048576K
}

