# JRE version: OpenJDK Runtime Environment (8.0_45-b14) (build 1.8.0_45-internal-b14)
# Java VM: OpenJDK 64-Bit Server VM (25.45-b02 mixed mode linux-amd64 compressed oops)
Heap:
 PSYoungGen      total 209408K, used 73428K [0x00000000eab00000, 0x00000000f9f80000, 0x0000000100000000)
  eden space 167424K, 35% used [0x00000000eab00000,0x00000000ee525340,0x00000000f4e80000)
  from space 41984K, 33% used [0x00000000f7500000,0x00000000f8290000,0x00000000f9e00000)
  to   space 39424K, 0% used [0x00000000f4e80000,0x00000000f4e80000,0x00000000f7500000)
 ParOldGen       total 161280K, used 75939K [0x00000000c0000000, 0x00000000c9d80000, 0x00000000eab00000)
  object space 161280K, 47% used [0x00000000c0000000,0x00000000c4a28e70,0x00000000c9d80000)
 Metaspace       used 49432K, capacity 50566K, committed 50728K, reserved 1093632K
  class space    used 6592K, capacity 6942K, committed 6960K, reserved 1048576K
GC Heap History (10 events):
Event: 13.156 GC heap before
{Heap before GC invocations=11 (full 2):
 PSYoungGen      total 123392K, used 118272K [0x00000000eab00000, 0x00000000f6900000, 0x0000000100000000)
  eden space 118272K, 100% used [0x00000000eab00000,0x00000000f1e80000,0x00000000f1e80000)
  from space 5120K, 0% used [0x00000000f2d00000,0x00000000f2d00000,0x00000000f3200000)
  to   space 14848K, 0% used [0x00000000f1e80000,0x00000000f1e80000,0x00000000f2d00000)
 ParOldGen       total 76288K, used 23522K [0x00000000c0000000, 0x00000000c4a80000, 0x00000000eab00000)
  object space 76288K, 30% used [0x00000000c0000000,0x00000000c16f8b20,0x00000000c4a80000)
 Metaspace       used 40301K, capacity 41214K, committed 41384K, reserved 1085440K
  class space    used 5450K, capacity 5696K, committed 5808K, reserved 1048576K
Event: 13.179 GC heap after
Heap after GC invocations=11 (full 2):
 PSYoungGen      total 133120K, used 14222K [0x00000000eab00000, 0x00000000f5680000, 0x0000000100000000)
  eden space 118272K, 0% used [0x00000000eab00000,0x00000000eab00000,0x00000000f1e80000)
  from space 14848K, 95% used [0x00000000f1e80000,0x00000000f2c639e8,0x00000000f2d00000)
  to   space 16896K, 0% used [0x00000000f4600000,0x00000000f4600000,0x00000000f5680000)
 ParOldGen       total 76288K, used 23530K [0x00000000c0000000, 0x00000000c4a80000, 0x00000000eab00000)
  object space 76288K, 30% used [0x00000000c0000000,0x00000000c16fab20,0x00000000c4a80000)
 Metaspace       used 40301K, capacity 41214K, committed 41384K, reserved 1085440K
  class space    used 5450K, capacity 5696K, committed 5808K, reserved 1048576K
}
Event: 16.433 GC heap before
{Heap before GC invocations=12 (full 2):
 PSYoungGen      total 133120K, used 132494K [0x00000000eab00000, 0x00000000f5680000, 0x0000000100000000)
  eden space 118272K, 100% used [0x00000000eab00000,0x00000000f1e80000,0x00000000f1e80000)
  from space 14848K, 95% used [0x00000000f1e80000,0x00000000f2c639e8,0x00000000f2d00000)
  to   space 16896K, 0% used [0x00000000f4600000,0x00000000f4600000,0x00000000f5680000)
 ParOldGen       total 76288K, used 23530K [0x00000000c0000000, 0x00000000c4a80000, 0x00000000eab00000)
  object space 76288K, 30% used [0x00000000c0000000,0x00000000c16fab20,0x00000000c4a80000)
 Metaspace       used 46191K, capacity 47298K, committed 47528K, reserved 1089536K
  class space    used 6189K, capacity 6520K, committed 6576K, reserved 1048576K
Event: 16.487 GC heap after
Heap after GC invocations=12 (full 2):
 PSYoungGen      total 151552K, used 16867K [0x00000000eab00000, 0x00000000f6600000, 0x0000000100000000)
  eden space 134656K, 0% used [0x00000000eab00000,0x00000000eab00000,0x00000000f2e80000)
  from space 16896K, 99% used [0x00000000f4600000,0x00000000f5678f30,0x00000000f5680000)
  to   space 24064K, 0% used [0x00000000f2e80000,0x00000000f2e80000,0x00000000f4600000)
 ParOldGen       total 76288K, used 36712K [0x00000000c0000000, 0x00000000c4a80000, 0x00000000eab00000)
  object space 76288K, 48% used [0x00000000c0000000,0x00000000c23da218,0x00000000c4a80000)
 Metaspace       used 46191K, capacity 47298K, committed 47528K, reserved 1089536K
  class space    used 6189K, capacity 6520K, committed 6576K, reserved 1048576K
}
Event: 21.435 GC heap before
{Heap before GC invocations=13 (full 2):
 PSYoungGen      total 151552K, used 151523K [0x00000000eab00000, 0x00000000f6600000, 0x0000000100000000)
  eden space 134656K, 100% used [0x00000000eab00000,0x00000000f2e80000,0x00000000f2e80000)
  from space 16896K, 99% used [0x00000000f4600000,0x00000000f5678f30,0x00000000f5680000)
  to   space 24064K, 0% used [0x00000000f2e80000,0x00000000f2e80000,0x00000000f4600000)
 ParOldGen       total 76288K, used 36712K [0x00000000c0000000, 0x00000000c4a80000, 0x00000000eab00000)
  object space 76288K, 48% used [0x00000000c0000000,0x00000000c23da218,0x00000000c4a80000)
 Metaspace       used 48661K, capacity 49766K, committed 50088K, reserved 1093632K
  class space    used 6458K, capacity 6782K, committed 6832K, reserved 1048576K
Event: 21.534 GC heap after
Heap after GC invocations=13 (full 2):
 PSYoungGen      total 158720K, used 24038K [0x00000000eab00000, 0x00000000f9e00000, 0x0000000100000000)
  eden space 134656K, 0% used [0x00000000eab00000,0x00000000eab00000,0x00000000f2e80000)
  from space 24064K, 99% used [0x00000000f2e80000,0x00000000f45f9858,0x00000000f4600000)
  to   space 41984K, 0% used [0x00000000f7500000,0x00000000f7500000,0x00000000f9e00000)
 ParOldGen       total 76288K, used 74216K [0x00000000c0000000, 0x00000000c4a80000, 0x00000000eab00000)
  object space 76288K, 97% used [0x00000000c0000000,0x00000000c487a048,0x00000000c4a80000)
 Metaspace       used 48661K, capacity 49766K, committed 50088K, reserved 1093632K
  class space    used 6458K, capacity 6782K, committed 6832K, reserved 1048576K
}
Event: 21.534 GC heap before
{Heap before GC invocations=14 (full 3):
 PSYoungGen      total 158720K, used 24038K [0x00000000eab00000, 0x00000000f9e00000, 0x0000000100000000)
  eden space 134656K, 0% used [0x00000000eab00000,0x00000000eab00000,0x00000000f2e80000)
  from space 24064K, 99% used [0x00000000f2e80000,0x00000000f45f9858,0x00000000f4600000)
  to   space 41984K, 0% used [0x00000000f7500000,0x00000000f7500000,0x00000000f9e00000)
 ParOldGen       total 76288K, used 74216K [0x00000000c0000000, 0x00000000c4a80000, 0x00000000eab00000)
  object space 76288K, 97% used [0x00000000c0000000,0x00000000c487a048,0x00000000c4a80000)
 Metaspace       used 48661K, capacity 49766K, committed 50088K, reserved 1093632K
  class space    used 6458K, capacity 6782K, committed 6832K, reserved 1048576K
Event: 22.084 GC heap after
Heap after GC invocations=14 (full 3):
 PSYoungGen      total 158720K, used 4596K [0x00000000eab00000, 0x00000000f9e00000, 0x0000000100000000)
  eden space 134656K, 0% used [0x00000000eab00000,0x00000000eab00000,0x00000000f2e80000)
  from space 24064K, 19% used [0x00000000f2e80000,0x00000000f32fd260,0x00000000f4600000)
  to   space 41984K, 0% used [0x00000000f7500000,0x00000000f7500000,0x00000000f9e00000)
 ParOldGen       total 161280K, used 75939K [0x00000000c0000000, 0x00000000c9d80000, 0x00000000eab00000)
  object space 161280K, 47% used [0x00000000c0000000,0x00000000c4a28e70,0x00000000c9d80000)
 Metaspace       used 48661K, capacity 49766K, committed 50088K, reserved 1093632K
  class space    used 6458K, capacity 6782K, committed 6832K, reserved 1048576K
}
Event: 22.884 GC heap before
{Heap before GC invocations=15 (full 3):
 PSYoungGen      total 158720K, used 139252K [0x00000000eab00000, 0x00000000f9e00000, 0x0000000100000000)
  eden space 134656K, 100% used [0x00000000eab00000,0x00000000f2e80000,0x00000000f2e80000)
  from space 24064K, 19% used [0x00000000f2e80000,0x00000000f32fd260,0x00000000f4600000)
  to   space 41984K, 0% used [0x00000000f7500000,0x00000000f7500000,0x00000000f9e00000)
 ParOldGen       total 161280K, used 75939K [0x00000000c0000000, 0x00000000c9d80000, 0x00000000eab00000)
  object space 161280K, 47% used [0x00000000c0000000,0x00000000c4a28e70,0x00000000c9d80000)
 Metaspace       used 48812K, capacity 49926K, committed 50088K, reserved 1093632K
  class space    used 6474K, capacity 6814K, committed 6832K, reserved 1048576K
Event: 22.974 GC heap after
Heap after GC invocations=15 (full 3):
 PSYoungGen      total 209408K, used 13888K [0x00000000eab00000, 0x00000000f9f80000, 0x0000000100000000)
  eden space 167424K, 0% used [0x00000000eab00000,0x00000000eab00000,0x00000000f4e80000)
  from space 41984K, 33% used [0x00000000f7500000,0x00000000f8290000,0x00000000f9e00000)
  to   space 39424K, 0% used [0x00000000f4e80000,0x00000000f4e80000,0x00000000f7500000)
 ParOldGen       total 161280K, used 75939K [0x00000000c0000000, 0x00000000c9d80000, 0x00000000eab00000)
  object space 161280K, 47% used [0x00000000c0000000,0x00000000c4a28e70,0x00000000c9d80000)
 Metaspace       used 48812K, capacity 49926K, committed 50088K, reserved 1093632K
  class space    used 6474K, capacity 6814K, committed 6832K, reserved 1048576K
}

