# JRE version: OpenJDK Runtime Environment (8.0_45-b14) (build 1.8.0_45-internal-b14)
# Java VM: OpenJDK 64-Bit Server VM (25.45-b02 mixed mode linux-amd64 compressed oops)
Heap:
 PSYoungGen      total 123392K, used 64077K [0x00000000eab00000, 0x00000000f3b80000, 0x0000000100000000)
  eden space 113152K, 47% used [0x00000000eab00000,0x00000000edf992b0,0x00000000f1980000)
  from space 10240K, 99% used [0x00000000f2880000,0x00000000f327a4f8,0x00000000f3280000)
  to   space 15360K, 0% used [0x00000000f1980000,0x00000000f1980000,0x00000000f2880000)
 ParOldGen       total 57856K, used 35264K [0x00000000c0000000, 0x00000000c3880000, 0x00000000eab00000)
  object space 57856K, 60% used [0x00000000c0000000,0x00000000c2270340,0x00000000c3880000)
 Metaspace       used 44535K, capacity 45678K, committed 46000K, reserved 1089536K
  class space    used 5912K, capacity 6260K, committed 6320K, reserved 1048576K
GC Heap History (10 events):
Event: 12.612 GC heap before
{Heap before GC invocations=14 (full 1):
 PSYoungGen      total 68608K, used 66856K [0x00000000eab00000, 0x00000000ef800000, 0x0000000100000000)
  eden space 62464K, 100% used [0x00000000eab00000,0x00000000ee800000,0x00000000ee800000)
  from space 6144K, 71% used [0x00000000eee00000,0x00000000ef24a310,0x00000000ef400000)
  to   space 6144K, 0% used [0x00000000ee800000,0x00000000ee800000,0x00000000eee00000)
 ParOldGen       total 32256K, used 10783K [0x00000000c0000000, 0x00000000c1f80000, 0x00000000eab00000)
  object space 32256K, 33% used [0x00000000c0000000,0x00000000c0a87d50,0x00000000c1f80000)
 Metaspace       used 31739K, capacity 32496K, committed 32688K, reserved 1077248K
  class space    used 4247K, capacity 4435K, committed 4528K, reserved 1048576K
Event: 12.651 GC heap after
Heap after GC invocations=14 (full 1):
 PSYoungGen      total 68608K, used 6117K [0x00000000eab00000, 0x00000000f0f80000, 0x0000000100000000)
  eden space 62464K, 0% used [0x00000000eab00000,0x00000000eab00000,0x00000000ee800000)
  from space 6144K, 99% used [0x00000000ee800000,0x00000000eedf96c8,0x00000000eee00000)
  to   space 8192K, 0% used [0x00000000f0780000,0x00000000f0780000,0x00000000f0f80000)
 ParOldGen       total 32256K, used 14751K [0x00000000c0000000, 0x00000000c1f80000, 0x00000000eab00000)
  object space 32256K, 45% used [0x00000000c0000000,0x00000000c0e67da0,0x00000000c1f80000)
 Metaspace       used 31739K, capacity 32496K, committed 32688K, reserved 1077248K
  class space    used 4247K, capacity 4435K, committed 4528K, reserved 1048576K
}
Event: 15.149 GC heap before
{Heap before GC invocations=15 (full 1):
 PSYoungGen      total 68608K, used 66233K [0x00000000eab00000, 0x00000000f0f80000, 0x0000000100000000)
  eden space 62464K, 96% used [0x00000000eab00000,0x00000000ee5b4f40,0x00000000ee800000)
  from space 6144K, 99% used [0x00000000ee800000,0x00000000eedf96c8,0x00000000eee00000)
  to   space 8192K, 0% used [0x00000000f0780000,0x00000000f0780000,0x00000000f0f80000)
 ParOldGen       total 32256K, used 14751K [0x00000000c0000000, 0x00000000c1f80000, 0x00000000eab00000)
  object space 32256K, 45% used [0x00000000c0000000,0x00000000c0e67da0,0x00000000c1f80000)
 Metaspace       used 34554K, capacity 35328K, committed 35496K, reserved 1079296K
  class space    used 4649K, capacity 4843K, committed 4912K, reserved 1048576K
Event: 15.285 GC heap after
Heap after GC invocations=15 (full 1):
 PSYoungGen      total 93696K, used 7594K [0x00000000eab00000, 0x00000000f1380000, 0x0000000100000000)
  eden space 85504K, 0% used [0x00000000eab00000,0x00000000eab00000,0x00000000efe80000)
  from space 8192K, 92% used [0x00000000f0780000,0x00000000f0eea9f0,0x00000000f0f80000)
  to   space 9216K, 0% used [0x00000000efe80000,0x00000000efe80000,0x00000000f0780000)
 ParOldGen       total 32256K, used 20031K [0x00000000c0000000, 0x00000000c1f80000, 0x00000000eab00000)
  object space 32256K, 62% used [0x00000000c0000000,0x00000000c138fdb0,0x00000000c1f80000)
 Metaspace       used 34554K, capacity 35328K, committed 35496K, reserved 1079296K
  class space    used 4649K, capacity 4843K, committed 4912K, reserved 1048576K
}
Event: 15.285 GC heap before
{Heap before GC invocations=16 (full 2):
 PSYoungGen      total 93696K, used 7594K [0x00000000eab00000, 0x00000000f1380000, 0x0000000100000000)
  eden space 85504K, 0% used [0x00000000eab00000,0x00000000eab00000,0x00000000efe80000)
  from space 8192K, 92% used [0x00000000f0780000,0x00000000f0eea9f0,0x00000000f0f80000)
  to   space 9216K, 0% used [0x00000000efe80000,0x00000000efe80000,0x00000000f0780000)
 ParOldGen       total 32256K, used 20031K [0x00000000c0000000, 0x00000000c1f80000, 0x00000000eab00000)
  object space 32256K, 62% used [0x00000000c0000000,0x00000000c138fdb0,0x00000000c1f80000)
 Metaspace       used 34554K, capacity 35328K, committed 35496K, reserved 1079296K
  class space    used 4649K, capacity 4843K, committed 4912K, reserved 1048576K
Event: 15.418 GC heap after
Heap after GC invocations=16 (full 2):
 PSYoungGen      total 93696K, used 0K [0x00000000eab00000, 0x00000000f1380000, 0x0000000100000000)
  eden space 85504K, 0% used [0x00000000eab00000,0x00000000eab00000,0x00000000efe80000)
  from space 8192K, 0% used [0x00000000f0780000,0x00000000f0780000,0x00000000f0f80000)
  to   space 9216K, 0% used [0x00000000efe80000,0x00000000efe80000,0x00000000f0780000)
 ParOldGen       total 57856K, used 24761K [0x00000000c0000000, 0x00000000c3880000, 0x00000000eab00000)
  object space 57856K, 42% used [0x00000000c0000000,0x00000000c182e638,0x00000000c3880000)
 Metaspace       used 34554K, capacity 35328K, committed 35496K, reserved 1079296K
  class space    used 4649K, capacity 4843K, committed 4912K, reserved 1048576K
}
Event: 17.231 GC heap before
{Heap before GC invocations=17 (full 2):
 PSYoungGen      total 93696K, used 85504K [0x00000000eab00000, 0x00000000f1380000, 0x0000000100000000)
  eden space 85504K, 100% used [0x00000000eab00000,0x00000000efe80000,0x00000000efe80000)
  from space 8192K, 0% used [0x00000000f0780000,0x00000000f0780000,0x00000000f0f80000)
  to   space 9216K, 0% used [0x00000000efe80000,0x00000000efe80000,0x00000000f0780000)
 ParOldGen       total 57856K, used 24761K [0x00000000c0000000, 0x00000000c3880000, 0x00000000eab00000)
  object space 57856K, 42% used [0x00000000c0000000,0x00000000c182e638,0x00000000c3880000)
 Metaspace       used 37392K, capacity 38378K, committed 38704K, reserved 1083392K
  class space    used 5098K, capacity 5304K, committed 5424K, reserved 1048576K
Event: 17.251 GC heap after
Heap after GC invocations=17 (full 2):
 PSYoungGen      total 94720K, used 9200K [0x00000000eab00000, 0x00000000f3280000, 0x0000000100000000)
  eden space 85504K, 0% used [0x00000000eab00000,0x00000000eab00000,0x00000000efe80000)
  from space 9216K, 99% used [0x00000000efe80000,0x00000000f077c2b8,0x00000000f0780000)
  to   space 10240K, 0% used [0x00000000f2880000,0x00000000f2880000,0x00000000f3280000)
 ParOldGen       total 57856K, used 25275K [0x00000000c0000000, 0x00000000c3880000, 0x00000000eab00000)
  object space 57856K, 43% used [0x00000000c0000000,0x00000000c18aecc8,0x00000000c3880000)
 Metaspace       used 37392K, capacity 38378K, committed 38704K, reserved 1083392K
  class space    used 5098K, capacity 5304K, committed 5424K, reserved 1048576K
}
Event: 19.576 GC heap before
{Heap before GC invocations=18 (full 2):
 PSYoungGen      total 94720K, used 94704K [0x00000000eab00000, 0x00000000f3280000, 0x0000000100000000)
  eden space 85504K, 100% used [0x00000000eab00000,0x00000000efe80000,0x00000000efe80000)
  from space 9216K, 99% used [0x00000000efe80000,0x00000000f077c2b8,0x00000000f0780000)
  to   space 10240K, 0% used [0x00000000f2880000,0x00000000f2880000,0x00000000f3280000)
 ParOldGen       total 57856K, used 25275K [0x00000000c0000000, 0x00000000c3880000, 0x00000000eab00000)
  object space 57856K, 43% used [0x00000000c0000000,0x00000000c18aecc8,0x00000000c3880000)
 Metaspace       used 42777K, capacity 43842K, committed 44080K, reserved 1087488K
  class space    used 5788K, capacity 6098K, committed 6192K, reserved 1048576K
Event: 19.617 GC heap after
Heap after GC invocations=18 (full 2):
 PSYoungGen      total 123392K, used 10217K [0x00000000eab00000, 0x00000000f3b80000, 0x0000000100000000)
  eden space 113152K, 0% used [0x00000000eab00000,0x00000000eab00000,0x00000000f1980000)
  from space 10240K, 99% used [0x00000000f2880000,0x00000000f327a4f8,0x00000000f3280000)
  to   space 15360K, 0% used [0x00000000f1980000,0x00000000f1980000,0x00000000f2880000)
 ParOldGen       total 57856K, used 35264K [0x00000000c0000000, 0x00000000c3880000, 0x00000000eab00000)
  object space 57856K, 60% used [0x00000000c0000000,0x00000000c2270340,0x00000000c3880000)
 Metaspace       used 42777K, capacity 43842K, committed 44080K, reserved 1087488K
  class space    used 5788K, capacity 6098K, committed 6192K, reserved 1048576K
}

